<?xml version="1.0" encoding="UTF-8"?>
<!-- Generated by org.testng.reporters.JUnitXMLReporter -->
<testsuite hostname="PCIN456374" name="Default test" tests="7" failures="0" timestamp="13 Dec 2019 07:17:14 GMT" time="0.058" errors="0">
  <testcase name="@BeforeClass driverop" time="0.0" classname="TestScenarios.php">
    <failure type="org.testng.TestNGException" message="
Parameter &amp;apos;browser&amp;apos; is required by @Configuration on method driverop but has not been marked @Optional or defined
in C:\Users\825627\AppData\Local\Temp\testng-eclipse-1629766109\testng-customsuite.xml">
      <![CDATA[org.testng.TestNGException: 
Parameter 'browser' is required by @Configuration on method driverop but has not been marked @Optional or defined
in C:\Users\825627\AppData\Local\Temp\testng-eclipse-1629766109\testng-customsuite.xml
	at org.testng.internal.Parameters.createParameters(Parameters.java:156)
	at org.testng.internal.Parameters.createParameters(Parameters.java:363)
	at org.testng.internal.Parameters.createConfigurationParameters(Parameters.java:86)
	at org.testng.internal.Invoker.invokeConfigurations(Invoker.java:202)
	at org.testng.internal.Invoker.invokeConfigurations(Invoker.java:143)
	at org.testng.internal.TestMethodWorker.invokeBeforeClassMethods(TestMethodWorker.java:169)
	at org.testng.internal.TestMethodWorker.run(TestMethodWorker.java:108)
	at org.testng.TestRunner.privateRun(TestRunner.java:746)
	at org.testng.TestRunner.run(TestRunner.java:600)
	at org.testng.SuiteRunner.runTest(SuiteRunner.java:366)
	at org.testng.SuiteRunner.runSequentially(SuiteRunner.java:361)
	at org.testng.SuiteRunner.privateRun(SuiteRunner.java:319)
	at org.testng.SuiteRunner.run(SuiteRunner.java:268)
	at org.testng.SuiteRunnerWorker.runSuite(SuiteRunnerWorker.java:52)
	at org.testng.SuiteRunnerWorker.run(SuiteRunnerWorker.java:86)
	at org.testng.TestNG.runSuitesSequentially(TestNG.java:1264)
	at org.testng.TestNG.runSuitesLocally(TestNG.java:1189)
	at org.testng.TestNG.runSuites(TestNG.java:1104)
	at org.testng.TestNG.run(TestNG.java:1076)
	at org.testng.remote.AbstractRemoteTestNG.run(AbstractRemoteTestNG.java:126)
	at org.testng.remote.RemoteTestNG.initAndRun(RemoteTestNG.java:152)
	at org.testng.remote.RemoteTestNG.main(RemoteTestNG.java:57)
]]>
    </failure>
  </testcase> <!-- @BeforeClass driverop -->
  <testcase name="@AfterClass driverexit" time="0.0" classname="TestScenarios.php">
    <skipped/>
  </testcase> <!-- @AfterClass driverexit -->
  <testcase name="testread" time="0.007" classname="TestScenarios.php">
    <skipped/>
  </testcase> <!-- testread -->
  <testcase name="currency" time="0.002" classname="TestScenarios.php">
    <skipped/>
  </testcase> <!-- currency -->
  <testcase name="from" time="0.001" classname="TestScenarios.php">
    <skipped/>
  </testcase> <!-- from -->
  <testcase name="to" time="0.002" classname="TestScenarios.php">
    <skipped/>
  </testcase> <!-- to -->
  <testcase name="readlistofProds" time="0.001" classname="TestScenarios.php">
    <skipped/>
  </testcase> <!-- readlistofProds -->
  <testcase name="testwrite" time="0.001" classname="TestScenarios.php">
    <skipped/>
  </testcase> <!-- testwrite -->
  <testcase name="search" time="0.001" classname="TestScenarios.php">
    <skipped/>
  </testcase> <!-- search -->
</testsuite> <!-- Default test -->
